<?xml version="1.0" encoding="UTF-8"?>
<testsuite name="yo como usuario del servicio" tests="1" skipped="0" failures="0" errors="0" timestamp="2020-07-10T23:55:58" hostname="DESKTOP-GTQSEFK" time="16.38">
  <properties/>
  <testcase name="ingresar al sistema por primera vez" classname="yo como usuario del servicio" time="16.38"/>
  <system-out><![CDATA[






]]></system-out>
  <system-err><![CDATA[jul 10, 2020 6:55:58 PM org.openqa.selenium.remote.DesiredCapabilities chrome
INFORMACIÓN: Using `new ChromeOptions()` is preferred to `DesiredCapabilities.chrome()`
Starting ChromeDriver 83.0.4103.39 (ccbf011cb2d2b19b506d844400483861342c20cd-refs/branch-heads/4103@{#416}) on port 30908
Only local connections are allowed.
Please see https://chromedriver.chromium.org/security-considerations for suggestions on keeping ChromeDriver safe.
ChromeDriver was started successfully.
jul 10, 2020 6:56:09 PM org.openqa.selenium.remote.ProtocolHandshake createSession
INFORMACIÓN: Detected dialect: W3C
]]></system-err>
</testsuite>
